2021-12-02 14:25:19,212:INFO:positions for tfsa loaded: in load_positions
2021-12-02 14:25:19,870:INFO:tfsa position prices loaded: in load_position_prices
2021-12-02 14:25:24,689:INFO:fx for tfsa loaded: in load_fx
2021-12-02 14:25:24,905:INFO:tfsa" transactions from 2021-09-30 to 2021-12-01: in load_prices_df
2021-12-02 14:25:25,377:INFO:quantities computed for SLV: in get_quantities
2021-12-02 14:25:25,837:INFO:quantities computed for PPL.TRT: in get_quantities
2021-12-02 14:25:26,282:INFO:quantities computed for VO: in get_quantities
2021-12-02 14:25:26,730:INFO:quantities computed for VOO: in get_quantities
2021-12-02 14:25:27,165:INFO:quantities computed for MFC.TRT: in get_quantities
2021-12-02 14:25:27,606:INFO:quantities computed for PLTR: in get_quantities
2021-12-02 14:25:28,046:INFO:quantities computed for CDZ.TRT: in get_quantities
2021-12-02 14:25:28,499:INFO:quantities computed for XIU.TRT: in get_quantities
2021-12-02 14:25:28,962:INFO:quantities computed for VBU.TRT: in get_quantities
2021-12-02 14:25:29,427:INFO:quantities computed for MRK: in get_quantities
2021-12-02 14:25:29,898:INFO:quantities computed for KBWD: in get_quantities
2021-12-02 14:25:30,365:INFO:quantities computed for VB: in get_quantities
2021-12-02 14:25:30,824:INFO:quantities computed for TM: in get_quantities
2021-12-02 14:25:31,360:INFO:quantities computed for SCYX: in get_quantities
2021-12-02 14:25:31,835:INFO:quantities computed for VDY.TRT: in get_quantities
2021-12-02 14:25:32,304:INFO:quantities computed for LQD: in get_quantities
2021-12-02 14:25:32,758:INFO:quantities computed for LIT: in get_quantities
2021-12-02 14:25:33,221:INFO:quantities computed for NWH-UN.TRT: in get_quantities
2021-12-02 14:25:33,692:INFO:quantities computed for HTGC: in get_quantities
2021-12-02 14:25:34,143:INFO:quantities computed for T.TRT: in get_quantities
2021-12-02 14:25:34,618:INFO:quantities computed for VSB.TRT: in get_quantities
2021-12-02 14:25:35,078:INFO:quantities computed for NA.TRT: in get_quantities
2021-12-02 14:25:35,553:INFO:quantities computed for ARKF: in get_quantities
2021-12-02 14:25:36,007:INFO:quantities computed for GRT-UN.TRT: in get_quantities
2021-12-02 14:25:36,465:INFO:quantities computed for BIP-UN.TRT: in get_quantities
2021-12-02 14:25:36,922:INFO:quantities computed for IBB: in get_quantities
2021-12-02 14:25:37,419:INFO:quantities computed for TCPC: in get_quantities
2021-12-02 14:25:37,891:INFO:quantities computed for SRU-UN.TRT: in get_quantities
2021-12-02 14:25:38,352:INFO:quantities computed for VAB.TRT: in get_quantities
2021-12-02 14:25:38,813:INFO:quantities computed for MSFT: in get_quantities
2021-12-02 14:25:39,268:INFO:quantities computed for VOOV: in get_quantities
2021-12-02 14:25:39,731:INFO:quantities computed for XDV.TRT: in get_quantities
2021-12-02 14:25:40,186:INFO:quantities computed for AQN.TRT: in get_quantities
2021-12-02 14:25:40,718:INFO:tfsa market_value computed: in get_market_value
2021-12-02 14:25:41,454:INFO:AV request made for fx at 2021-12-02 14:25:41.454772: in request_limit_manager
2021-12-02 14:25:41,467:INFO:fx for tfsa loaded: in load_fx
